<?xml version="1.0" encoding="UTF-8"?>
<!-- Generated by org.testng.reporters.JUnitReportReporter -->
<testsuite hostname="ITEM-AX31720" failures="0" tests="2" name="com.axway.apim.openapi.validator.OpenAPIValidatorTest" time="1.241" errors="0" timestamp="2021-06-15T13:39:30 MESZ" skipped="0">
  <testcase classname="com.axway.apim.openapi.validator.OpenAPIValidatorTest" name="validPostPetstoreSwagger20" time="0.083"/>
  <system-out/>
  <testcase classname="com.axway.apim.openapi.validator.OpenAPIValidatorTest" name="invalidPostPetstoreSwagger20" time="1.158"/>
  <system-out/>
</testsuite> <!-- com.axway.apim.openapi.validator.OpenAPIValidatorTest -->
